<?xml version="1.0" encoding="UTF-8"?>
<!-- Generated by org.testng.reporters.JUnitReportReporter -->
<testsuite hostname="LAPTOP-AEV82KIN" failures="0" tests="2" name="qaclickacademy.Mavenjava.SeleniumTest" time="0.015" errors="0" timestamp="2020-05-21T19:06:09 CDT" skipped="0">
  <testcase classname="qaclickacademy.Mavenjava.SeleniumTest" name="browserautomation" time="0.002"/>
  <system-out/>
  <testcase classname="qaclickacademy.Mavenjava.SeleniumTest" name="UI" time="0.013"/>
  <system-out/>
</testsuite> <!-- qaclickacademy.Mavenjava.SeleniumTest -->
