<?xml version="1.0" encoding="UTF-8"?>
<!-- Generated by org.testng.reporters.JUnitReportReporter -->
<testsuite hostname="LAPTOP-AEV82KIN" failures="0" tests="2" name="qaclickacademy.Mavenjava.AppTest" time="0.008" errors="0" timestamp="2020-05-24T13:06:25 CDT" skipped="0">
  <testcase classname="qaclickacademy.Mavenjava.AppTest" name="hru" time="0.008"/>
  <system-out/>
  <testcase classname="qaclickacademy.Mavenjava.AppTest" name="welcome" time="0.000"/>
  <system-out/>
</testsuite> <!-- qaclickacademy.Mavenjava.AppTest -->
